This is pdfTeX, Version 3.141592653-2.6-1.40.22 (TeX Live 2022/dev/Debian) (preloaded format=pdflatex 2026.4.29)  24 MAY 2026 22:34
entering extended mode
 restricted \write18 enabled.
 %&-line parsing enabled.
**memtfg.tex
(./memtfg.tex
LaTeX2e <2021-11-15> patch level 1
L3 programming layer <2022-01-21>
(/usr/share/texlive/texmf-dist/tex/latex/extsizes/extreport.cls
Document Class: extreport 1996/10/08 v1.0 Non Standard LaTeX document class
(/usr/share/texlive/texmf-dist/tex/latex/base/size12.clo
File: size12.clo 2021/10/04 v1.4n Standard LaTeX file (size option)
)
(/usr/share/texlive/texmf-dist/tex/latex/base/exscale.sty
Package: exscale 2018/09/24 v2.1i Standard LaTeX package exscale
LaTeX Font Info:    Redeclaring symbol font `largesymbols' on input line 57.
LaTeX Font Info:    Overwriting symbol font `largesymbols' in version `normal'
(Font)                  OMX/cmex/m/n --> OMX/cmex/m/n on input line 57.
LaTeX Font Info:    Overwriting symbol font `largesymbols' in version `bold'
(Font)                  OMX/cmex/m/n --> OMX/cmex/m/n on input line 57.
\big@size=\dimen138
)
\c@part=\count185
\c@chapter=\count186
\c@section=\count187
\c@subsection=\count188
\c@subsubsection=\count189
\c@paragraph=\count190
\c@subparagraph=\count191
\c@figure=\count192
\c@table=\count193
\abovecaptionskip=\skip47
\belowcaptionskip=\skip48
\bibindent=\dimen139
)
(/usr/share/texlive/texmf-dist/tex/latex/graphics/graphicx.sty
Package: graphicx 2021/09/16 v1.2d Enhanced LaTeX Graphics (DPC,SPQR)

(/usr/share/texlive/texmf-dist/tex/latex/graphics/keyval.sty
Package: keyval 2014/10/28 v1.15 key=value parser (DPC)
\KV@toks@=\toks16
)
(/usr/share/texlive/texmf-dist/tex/latex/graphics/graphics.sty
Package: graphics 2021/03/04 v1.4d Standard LaTeX Graphics (DPC,SPQR)

(/usr/share/texlive/texmf-dist/tex/latex/graphics/trig.sty
Package: trig 2021/08/11 v1.11 sin cos tan (DPC)
)
(/usr/share/texlive/texmf-dist/tex/latex/graphics-cfg/graphics.cfg
File: graphics.cfg 2016/06/04 v1.11 sample graphics configuration
)
Package graphics Info: Driver file: dvips.def on input line 107.

(/usr/share/texlive/texmf-dist/tex/latex/graphics-def/dvips.def
File: dvips.def 2017/06/20 v3.1d Graphics/color driver for dvips
))
\Gin@req@height=\dimen140
\Gin@req@width=\dimen141
)
(/usr/share/texlive/texmf-dist/tex/latex/graphics/epsfig.sty
Package: epsfig 2017/06/25 v1.7b (e)psfig emulation (SPQR)
\epsfxsize=\dimen142
\epsfysize=\dimen143
)
(/usr/share/texlive/texmf-dist/tex/latex/base/fontenc.sty
Package: fontenc 2021/04/29 v2.0v Standard LaTeX package
)
(/usr/share/texlive/texmf-dist/tex/latex/base/inputenc.sty
Package: inputenc 2021/02/14 v1.3d Input encoding file
\inpenc@prehook=\toks17
\inpenc@posthook=\toks18
)
(/usr/share/texlive/texmf-dist/tex/generic/babel/babel.sty
Package: babel 2022/01/26 3.70 The Babel package
\babel@savecnt=\count194
\U@D=\dimen144
\l@unhyphenated=\language6

(/usr/share/texlive/texmf-dist/tex/generic/babel/txtbabel.def)
\bbl@readstream=\read2
\bbl@dirlevel=\count195

(./styles/spanish.ldf
Language: spanish.ldf 2001/01/30 v4.1c Spanish support from the babel system
\es@quottoks=\toks19
\es@quotdepth=\count196
Package babel Info: Making . an active character on input line 464.
Package babel Info: Making " an active character on input line 495.
Package babel Info: Making < an active character on input line 581.
Package babel Info: Making > an active character on input line 582.
)) (./styles/multirow.sty
\bigstrutjot=\dimen145
)
(/usr/share/texlive/texmf-dist/tex/latex/tools/array.sty
Package: array 2021/10/04 v2.5f Tabular extension package (FMi)
\col@sep=\dimen146
\ar@mcellbox=\box50
\extrarowheight=\dimen147
\NC@list=\toks20
\extratabsurround=\skip49
\backup@length=\skip50
\ar@cellbox=\box51
)
(/usr/share/texlive/texmf-dist/tex/latex/booktabs/booktabs.sty
Package: booktabs 2020/01/12 v1.61803398 Publication quality tables
\heavyrulewidth=\dimen148
\lightrulewidth=\dimen149
\cmidrulewidth=\dimen150
\belowrulesep=\dimen151
\belowbottomsep=\dimen152
\aboverulesep=\dimen153
\abovetopsep=\dimen154
\cmidrulesep=\dimen155
\cmidrulekern=\dimen156
\defaultaddspace=\dimen157
\@cmidla=\count197
\@cmidlb=\count198
\@aboverulesep=\dimen158
\@belowrulesep=\dimen159
\@thisruleclass=\count199
\@lastruleclass=\count266
\@thisrulewidth=\dimen160
)
(/usr/share/texlive/texmf-dist/tex/latex/caption/caption.sty
Package: caption 2020/10/26 v3.5g Customizing captions (AR)

(/usr/share/texlive/texmf-dist/tex/latex/caption/caption3.sty
Package: caption3 2020/10/21 v2.2e caption3 kernel (AR)
\captionmargin=\dimen161
\captionmargin@=\dimen162
\captionwidth=\dimen163
\caption@tempdima=\dimen164
\caption@indent=\dimen165
\caption@parindent=\dimen166
\caption@hangindent=\dimen167
Package caption Info: Standard document class detected.
)
\c@caption@flags=\count267
\c@continuedfloat=\count268
)
(/usr/share/texlive/texmf-dist/tex/latex/float/float.sty
Package: float 2001/11/08 v1.3d Float enhancements (AL)
\c@float@type=\count269
\float@exts=\toks21
\float@box=\box52
\@float@everytoks=\toks22
\@floatcapt=\box53
)
(/usr/share/texlive/texmf-dist/tex/latex/caption/subcaption.sty
Package: subcaption 2020/10/07 v1.3j Sub-captions (AR)
\c@subfigure=\count270
\c@subtable=\count271
)
(/usr/share/texlive/texmf-dist/tex/latex/hyperref/hyperref.sty
Package: hyperref 2021-06-07 v7.00m Hypertext links for LaTeX

(/usr/share/texlive/texmf-dist/tex/generic/ltxcmds/ltxcmds.sty
Package: ltxcmds 2020-05-10 v1.25 LaTeX kernel commands for general use (HO)
)
(/usr/share/texlive/texmf-dist/tex/generic/iftex/iftex.sty
Package: iftex 2020/03/06 v1.0d TeX engine tests
)
(/usr/share/texlive/texmf-dist/tex/generic/pdftexcmds/pdftexcmds.sty
Package: pdftexcmds 2020-06-27 v0.33 Utility functions of pdfTeX for LuaTeX (HO
)

(/usr/share/texlive/texmf-dist/tex/generic/infwarerr/infwarerr.sty
Package: infwarerr 2019/12/03 v1.5 Providing info/warning/error messages (HO)
)
Package pdftexcmds Info: \pdf@primitive is available.
Package pdftexcmds Info: \pdf@ifprimitive is available.
Package pdftexcmds Info: \pdfdraftmode found.
)
(/usr/share/texlive/texmf-dist/tex/generic/kvsetkeys/kvsetkeys.sty
Package: kvsetkeys 2019/12/15 v1.18 Key value parser (HO)
)
(/usr/share/texlive/texmf-dist/tex/generic/kvdefinekeys/kvdefinekeys.sty
Package: kvdefinekeys 2019-12-19 v1.6 Define keys (HO)
)
(/usr/share/texlive/texmf-dist/tex/generic/pdfescape/pdfescape.sty
Package: pdfescape 2019/12/09 v1.15 Implements pdfTeX's escape features (HO)
)
(/usr/share/texlive/texmf-dist/tex/latex/hycolor/hycolor.sty
Package: hycolor 2020-01-27 v1.10 Color options for hyperref/bookmark (HO)
)
(/usr/share/texlive/texmf-dist/tex/latex/letltxmacro/letltxmacro.sty
Package: letltxmacro 2019/12/03 v1.6 Let assignment for LaTeX macros (HO)
)
(/usr/share/texlive/texmf-dist/tex/latex/auxhook/auxhook.sty
Package: auxhook 2019-12-17 v1.6 Hooks for auxiliary files (HO)
)
(/usr/share/texlive/texmf-dist/tex/latex/kvoptions/kvoptions.sty
Package: kvoptions 2020-10-07 v3.14 Key value format for package options (HO)
)
\@linkdim=\dimen168
\Hy@linkcounter=\count272
\Hy@pagecounter=\count273

(/usr/share/texlive/texmf-dist/tex/latex/hyperref/pd1enc.def
File: pd1enc.def 2021-06-07 v7.00m Hyperref: PDFDocEncoding definition (HO)
Now handling font encoding PD1 ...
... no UTF-8 mapping file for font encoding PD1
)
(/usr/share/texlive/texmf-dist/tex/latex/hyperref/hyperref-langpatches.def
File: hyperref-langpatches.def 2021-06-07 v7.00m Hyperref: patches for babel la
nguages
)
(/usr/share/texlive/texmf-dist/tex/generic/intcalc/intcalc.sty
Package: intcalc 2019/12/15 v1.3 Expandable calculations with integers (HO)
)
(/usr/share/texlive/texmf-dist/tex/generic/etexcmds/etexcmds.sty
Package: etexcmds 2019/12/15 v1.7 Avoid name clashes with e-TeX commands (HO)
)
\Hy@SavedSpaceFactor=\count274

(/usr/share/texlive/texmf-dist/tex/latex/hyperref/puenc.def
File: puenc.def 2021-06-07 v7.00m Hyperref: PDF Unicode definition (HO)
Now handling font encoding PU ...
... no UTF-8 mapping file for font encoding PU
)
Package hyperref Info: Hyper figures OFF on input line 4192.
Package hyperref Info: Link nesting OFF on input line 4197.
Package hyperref Info: Hyper index ON on input line 4200.
Package hyperref Info: Plain pages OFF on input line 4207.
Package hyperref Info: Backreferencing OFF on input line 4212.
Package hyperref Info: Implicit mode ON; LaTeX internals redefined.
Package hyperref Info: Bookmarks ON on input line 4445.
\c@Hy@tempcnt=\count275

(/usr/share/texlive/texmf-dist/tex/latex/url/url.sty
\Urlmuskip=\muskip16
Package: url 2013/09/16  ver 3.4  Verb mode for urls, etc.
)
LaTeX Info: Redefining \url on input line 4804.
\XeTeXLinkMargin=\dimen169

(/usr/share/texlive/texmf-dist/tex/generic/bitset/bitset.sty
Package: bitset 2019/12/09 v1.3 Handle bit-vector datatype (HO)

(/usr/share/texlive/texmf-dist/tex/generic/bigintcalc/bigintcalc.sty
Package: bigintcalc 2019/12/15 v1.5 Expandable calculations on big integers (HO
)
))
\Fld@menulength=\count276
\Field@Width=\dimen170
\Fld@charsize=\dimen171
Package hyperref Info: Hyper figures OFF on input line 6076.
Package hyperref Info: Link nesting OFF on input line 6081.
Package hyperref Info: Hyper index ON on input line 6084.
Package hyperref Info: backreferencing OFF on input line 6091.
Package hyperref Info: Link coloring OFF on input line 6096.
Package hyperref Info: Link coloring with OCG OFF on input line 6101.
Package hyperref Info: PDF/A mode OFF on input line 6106.
LaTeX Info: Redefining \ref on input line 6146.
LaTeX Info: Redefining \pageref on input line 6150.

(/usr/share/texlive/texmf-dist/tex/latex/base/atbegshi-ltx.sty
Package: atbegshi-ltx 2021/01/10 v1.0c Emulation of the original atbegshi
package with kernel methods
)
\Hy@abspage=\count277
\c@Item=\count278
\c@Hfootnote=\count279
)
Package hyperref Info: Driver (autodetected): hpdftex.

(/usr/share/texlive/texmf-dist/tex/latex/hyperref/hpdftex.def
File: hpdftex.def 2021-06-07 v7.00m Hyperref driver for pdfTeX

(/usr/share/texlive/texmf-dist/tex/latex/base/atveryend-ltx.sty
Package: atveryend-ltx 2020/08/19 v1.0a Emulation of the original atveryend pac
kage
with kernel methods
)
\Fld@listcount=\count280
\c@bookmark@seq@number=\count281

(/usr/share/texlive/texmf-dist/tex/latex/rerunfilecheck/rerunfilecheck.sty
Package: rerunfilecheck 2019/12/05 v1.9 Rerun checks for auxiliary files (HO)

(/usr/share/texlive/texmf-dist/tex/generic/uniquecounter/uniquecounter.sty
Package: uniquecounter 2019/12/15 v1.4 Provide unlimited unique counter (HO)
)
Package uniquecounter Info: New unique counter `rerunfilecheck' on input line 2
86.
)
\Hy@SectionHShift=\skip51
)
(/usr/share/texlive/texmf-dist/tex/latex/xcolor/xcolor.sty
Package: xcolor 2021/10/31 v2.13 LaTeX color extensions (UK)

(/usr/share/texlive/texmf-dist/tex/latex/graphics-cfg/color.cfg
File: color.cfg 2016/01/02 v1.6 sample color configuration
)
Package xcolor Info: Driver file: pdftex.def on input line 227.

(/usr/share/texlive/texmf-dist/tex/latex/graphics-def/pdftex.def
File: pdftex.def 2020/10/05 v1.2a Graphics/color driver for pdftex
)
Package xcolor Info: Model `cmy' substituted by `cmy0' on input line 1352.
Package xcolor Info: Model `RGB' extended on input line 1368.
Package xcolor Info: Model `HTML' substituted by `rgb' on input line 1370.
Package xcolor Info: Model `Hsb' substituted by `hsb' on input line 1371.
Package xcolor Info: Model `tHsb' substituted by `hsb' on input line 1372.
Package xcolor Info: Model `HSB' substituted by `hsb' on input line 1373.
Package xcolor Info: Model `Gray' substituted by `gray' on input line 1374.
Package xcolor Info: Model `wave' substituted by `hsb' on input line 1375.
)
(/usr/share/texlive/texmf-dist/tex/latex/titlesec/titlesec.sty
Package: titlesec 2021/07/05 v2.14 Sectioning titles
\ttl@box=\box54
\beforetitleunit=\skip52
\aftertitleunit=\skip53
\ttl@plus=\dimen172
\ttl@minus=\dimen173
\ttl@toksa=\toks23
\titlewidth=\dimen174
\titlewidthlast=\dimen175
\titlewidthfirst=\dimen176
)
(/usr/share/texlive/texmf-dist/tex/latex/geometry/geometry.sty
Package: geometry 2020/01/02 v5.9 Page Geometry

(/usr/share/texlive/texmf-dist/tex/generic/iftex/ifvtex.sty
Package: ifvtex 2019/10/25 v1.7 ifvtex legacy package. Use iftex instead.
)
\Gm@cnth=\count282
\Gm@cntv=\count283
\c@Gm@tempcnt=\count284
\Gm@bindingoffset=\dimen177
\Gm@wd@mp=\dimen178
\Gm@odd@mp=\dimen179
\Gm@even@mp=\dimen180
\Gm@layoutwidth=\dimen181
\Gm@layoutheight=\dimen182
\Gm@layouthoffset=\dimen183
\Gm@layoutvoffset=\dimen184
\Gm@dimlist=\toks24
)
(/usr/share/texlive/texmf-dist/tex/latex/listings/listings.sty
\lst@mode=\count285
\lst@gtempboxa=\box55
\lst@token=\toks25
\lst@length=\count286
\lst@currlwidth=\dimen185
\lst@column=\count287
\lst@pos=\count288
\lst@lostspace=\dimen186
\lst@width=\dimen187
\lst@newlines=\count289
\lst@lineno=\count290
\lst@maxwidth=\dimen188

(/usr/share/texlive/texmf-dist/tex/latex/listings/lstmisc.sty
File: lstmisc.sty 2020/03/24 1.8d (Carsten Heinz)
\c@lstnumber=\count291
\lst@skipnumbers=\count292
\lst@framebox=\box56
)
(/usr/share/texlive/texmf-dist/tex/latex/listings/listings.cfg
File: listings.cfg 2020/03/24 1.8d listings configuration
))
Package: listings 2020/03/24 1.8d (Carsten Heinz)

(/usr/share/texlive/texmf-dist/tex/latex/listings/lstlang1.sty
File: lstlang1.sty 2020/03/24 1.8d listings language file
)
(/usr/share/texlive/texmf-dist/tex/latex/l3backend/l3backend-pdftex.def
File: l3backend-pdftex.def 2022-01-12 L3 backend support: PDF output (pdfTeX)
\l__color_backend_stack_int=\count293
\l__pdf_internal_box=\box57
)
(output/memtfg.aux)
\openout1 = `memtfg.aux'.

LaTeX Font Info:    Checking defaults for OML/cmm/m/it on input line 51.
LaTeX Font Info:    ... okay on input line 51.
LaTeX Font Info:    Checking defaults for OMS/cmsy/m/n on input line 51.
LaTeX Font Info:    ... okay on input line 51.
LaTeX Font Info:    Checking defaults for OT1/cmr/m/n on input line 51.
LaTeX Font Info:    ... okay on input line 51.
LaTeX Font Info:    Checking defaults for T1/cmr/m/n on input line 51.
LaTeX Font Info:    ... okay on input line 51.
LaTeX Font Info:    Checking defaults for TS1/cmr/m/n on input line 51.
LaTeX Font Info:    ... okay on input line 51.
LaTeX Font Info:    Checking defaults for OMX/cmex/m/n on input line 51.
LaTeX Font Info:    ... okay on input line 51.
LaTeX Font Info:    Checking defaults for U/cmr/m/n on input line 51.
LaTeX Font Info:    ... okay on input line 51.
LaTeX Font Info:    Checking defaults for PD1/pdf/m/n on input line 51.
LaTeX Font Info:    ... okay on input line 51.
LaTeX Font Info:    Checking defaults for PU/pdf/m/n on input line 51.
LaTeX Font Info:    ... okay on input line 51.
Package caption Info: Begin \AtBeginDocument code.
Package caption Info: float package is loaded.
Package caption Info: hyperref package is loaded.
Package caption Info: listings package is loaded.
Package caption Info: End \AtBeginDocument code.
Package hyperref Info: Link coloring OFF on input line 51.

(/usr/share/texlive/texmf-dist/tex/latex/hyperref/nameref.sty
Package: nameref 2021-04-02 v2.47 Cross-referencing by name of section

(/usr/share/texlive/texmf-dist/tex/latex/refcount/refcount.sty
Package: refcount 2019/12/15 v3.6 Data extraction from label references (HO)
)
(/usr/share/texlive/texmf-dist/tex/generic/gettitlestring/gettitlestring.sty
Package: gettitlestring 2019/12/15 v1.6 Cleanup title references (HO)
)
\c@section@level=\count294
)
LaTeX Info: Redefining \ref on input line 51.
LaTeX Info: Redefining \pageref on input line 51.
LaTeX Info: Redefining \nameref on input line 51.

(output/memtfg.out) (output/memtfg.out)
\@outlinefile=\write3
\openout3 = `memtfg.out'.


(/usr/share/texlive/texmf-dist/tex/context/base/mkii/supp-pdf.mkii
[Loading MPS to PDF converter (version 2006.09.02).]
\scratchcounter=\count295
\scratchdimen=\dimen189
\scratchbox=\box58
\nofMPsegments=\count296
\nofMParguments=\count297
\everyMPshowfont=\toks26
\MPscratchCnt=\count298
\MPscratchDim=\dimen190
\MPnumerator=\count299
\makeMPintoPDFobject=\count300
\everyMPtoPDFconversion=\toks27
) (/usr/share/texlive/texmf-dist/tex/latex/epstopdf-pkg/epstopdf-base.sty
Package: epstopdf-base 2020-01-24 v2.11 Base part for package epstopdf
Package epstopdf-base Info: Redefining graphics rule for `.eps' on input line 4
85.

(/usr/share/texlive/texmf-dist/tex/latex/latexconfig/epstopdf-sys.cfg
File: epstopdf-sys.cfg 2010/07/13 v1.3 Configuration of (r)epstopdf for TeX Liv
e
))
*geometry* driver: auto-detecting
*geometry* detected driver: pdftex
*geometry* verbose mode - [ preamble ] result:
* driver: pdftex
* paper: a4paper
* layout: <same size as paper>
* layoutoffset:(h,v)=(0.0pt,0.0pt)
* modes: 
* h-part:(L,W,R)=(56.9055pt, 483.69687pt, 56.9055pt)
* v-part:(T,H,B)=(56.9055pt, 731.23584pt, 56.9055pt)
* \paperwidth=597.50787pt
* \paperheight=845.04684pt
* \textwidth=483.69687pt
* \textheight=731.23584pt
* \oddsidemargin=-15.36449pt
* \evensidemargin=-15.36449pt
* \topmargin=-52.36449pt
* \headheight=12.0pt
* \headsep=25.0pt
* \topskip=12.0pt
* \footskip=30.0pt
* \marginparwidth=35.0pt
* \marginparsep=10.0pt
* \columnsep=10.0pt
* \skip\footins=10.8pt plus 4.0pt minus 2.0pt
* \hoffset=0.0pt
* \voffset=0.0pt
* \mag=1000
* \@twocolumnfalse
* \@twosidefalse
* \@mparswitchfalse
* \@reversemarginfalse
* (1in=72.27pt=25.4mm, 1cm=28.453pt)

\c@lstlisting=\count301
[1
Non-PDF special ignored!
<special> papersize=597.50787pt,845.04684pt

{/var/lib/texmf/fonts/map/pdftex/updmap/pdftex.map}] (output/memtfg.toc
LaTeX Font Info:    External font `cmex7' loaded for size
(Font)              <6> on input line 3.
)
\tf@toc=\write4
\openout4 = `memtfg.toc'.


[2

]
Cap\'{\i }tulo 1.

Overfull \hbox (74.58734pt too wide) in paragraph at lines 108--118
 [][] 
 []

[1

] [2]
Cap\'{\i }tulo 2.
<images/ranking.png, id=216, 722.7pt x 433.62pt>
File: images/ranking.png Graphic file (type png)
<use images/ranking.png>
Package pdftex.def Info: images/ranking.png  used on input line 149.
(pdftex.def)             Requested size: 396.63496pt x 237.98227pt.
[3

 <./images/ranking.png>]
<images/histograma.png, id=227, 722.7pt x 433.62pt>
File: images/histograma.png Graphic file (type png)
<use images/histograma.png>
Package pdftex.def Info: images/histograma.png  used on input line 178.
(pdftex.def)             Requested size: 483.69687pt x 290.21953pt.
<images/waterfall_fuentes.png, id=228, 722.7pt x 433.62pt>
File: images/waterfall_fuentes.png Graphic file (type png)
<use images/waterfall_fuentes.png>
Package pdftex.def Info: images/waterfall_fuentes.png  used on input line 198.
(pdftex.def)             Requested size: 483.69687pt x 290.21953pt.
 [4 <./images/histograma.png>]
<images/waterfall_actividades.png, id=235, 722.7pt x 433.62pt>
File: images/waterfall_actividades.png Graphic file (type png)
<use images/waterfall_actividades.png>
Package pdftex.def Info: images/waterfall_actividades.png  used on input line 2
16.
(pdftex.def)             Requested size: 483.69687pt x 290.21953pt.
 [5 <./images/waterfall_fuentes.png>]
<images/diverging_genero.png, id=243, 722.7pt x 433.62pt>
File: images/diverging_genero.png Graphic file (type png)
<use images/diverging_genero.png>
Package pdftex.def Info: images/diverging_genero.png  used on input line 226.
(pdftex.def)             Requested size: 483.69687pt x 290.21953pt.
 [6 <./images/waterfall_actividades.png>] [7 <./images/diverging_genero.png>]
<images/boxplot_tenerife.png, id=256, 722.7pt x 784.1295pt>
File: images/boxplot_tenerife.png Graphic file (type png)
<use images/boxplot_tenerife.png>
Package pdftex.def Info: images/boxplot_tenerife.png  used on input line 264.
(pdftex.def)             Requested size: 483.69687pt x 524.81366pt.
 [8]
<images/boxplot_palma.png, id=261, 722.7pt x 353.4003pt>
File: images/boxplot_palma.png Graphic file (type png)
<use images/boxplot_palma.png>
Package pdftex.def Info: images/boxplot_palma.png  used on input line 271.
(pdftex.def)             Requested size: 232.17242pt x 113.53258pt.
<images/boxplot_gomera.png, id=262, 722.7pt x 289.08pt>
File: images/boxplot_gomera.png Graphic file (type png)
<use images/boxplot_gomera.png>
Package pdftex.def Info: images/boxplot_gomera.png  used on input line 276.
(pdftex.def)             Requested size: 232.17242pt x 92.86919pt.
<images/boxplot_hierro.png, id=263, 722.7pt x 289.08pt>
File: images/boxplot_hierro.png Graphic file (type png)
<use images/boxplot_hierro.png>
Package pdftex.def Info: images/boxplot_hierro.png  used on input line 281.
(pdftex.def)             Requested size: 232.17242pt x 92.86919pt.
 [9 <./images/boxplot_tenerife.png>]
<images/scatter.png, id=270, 722.7pt x 433.62pt>
File: images/scatter.png Graphic file (type png)
<use images/scatter.png>
Package pdftex.def Info: images/scatter.png  used on input line 291.
(pdftex.def)             Requested size: 483.69687pt x 290.21953pt.
 [10 <./images/boxplot_palma.png> <./images/boxplot_gomera.png> <./images/boxpl
ot_hierro.png> <./images/scatter.png>]
<images/grouped_actividad.png, id=282, 867.24pt x 433.62pt>
File: images/grouped_actividad.png Graphic file (type png)
<use images/grouped_actividad.png>
Package pdftex.def Info: images/grouped_actividad.png  used on input line 311.
(pdftex.def)             Requested size: 483.69687pt x 241.85292pt.
 [11 <./images/grouped_actividad.png>]
<images/grouped_ocupacion.png, id=290, 867.24pt x 433.62pt>
File: images/grouped_ocupacion.png Graphic file (type png)
<use images/grouped_ocupacion.png>
Package pdftex.def Info: images/grouped_ocupacion.png  used on input line 329.
(pdftex.def)             Requested size: 483.69687pt x 241.85292pt.
<images/heatmap.png, id=291, 722.7pt x 722.7pt>
File: images/heatmap.png Graphic file (type png)
<use images/heatmap.png>
Package pdftex.def Info: images/heatmap.png  used on input line 339.
(pdftex.def)             Requested size: 411.14528pt x 411.14929pt.
 [12 <./images/grouped_ocupacion.png>] [13 <./images/heatmap.png>] [14] [15]
Cap\'{\i }tulo 3.

Underfull \hbox (badness 10000) in paragraph at lines 405--405
[]|\T1/cmr/m/n/10.95 Figura-Fondo, Pun-to
 []


Underfull \hbox (badness 10000) in paragraph at lines 407--407
[]|\T1/cmr/m/n/10.95 Proximidad, Figura-
 []


Underfull \hbox (badness 10000) in paragraph at lines 409--409
[]|\T1/cmr/m/n/10.95 Continuidad, Parte-
 []


Underfull \hbox (badness 10000) in paragraph at lines 411--411
[]|\T1/cmr/m/n/10.95 Continuidad, Parte-
 []


Underfull \hbox (badness 10000) in paragraph at lines 417--417
[]|\T1/cmr/m/n/10.95 Correlación, Des-tino
 []


Underfull \hbox (badness 1454) in paragraph at lines 423--423
[]|\T1/cmr/m/n/10.95 Cambio Tem-po-ral, Si-
 []


Underfull \hbox (badness 10000) in paragraph at lines 425--425
[]|\T1/cmr/m/n/10.95 Figura-Fondo, Pun-to
 []

[16

]
Cap\'{\i }tulo 4.
Package hyperref Info: bookmark level for unknown lstlisting defaults to 0 on i
nput line 451.
LaTeX Font Info:    Trying to load font information for T1+cmtt on input line 4
51.
(/usr/share/texlive/texmf-dist/tex/latex/base/t1cmtt.fd
File: t1cmtt.fd 2019/12/16 v2.5j Standard LaTeX font definitions
) [17

] [18]
Cap\'{\i }tulo 5.

Overfull \hbox (23.12581pt too wide) in paragraph at lines 515--516
[]\T1/cmr/m/n/12 Cada as-set im-por-tan-te cuen-ta con uno o más as-set checks 
im-ple-men-ta-dos en lab_renta_checks.py.
 []

[19

] [20]
Cap\'{\i }tulo 6.
[21

]
Overfull \hbox (49.25967pt too wide) in paragraph at lines 652--653
[]\T1/cmr/m/n/12 El es-ti-lo vi-sual se per-so-na-li-za con CSS in-yec-ta-do me
-dian-te st.markdown con un-sa-fe_allow_html=True.
 []

(/usr/share/texlive/texmf-dist/tex/latex/listings/lstlang1.sty
File: lstlang1.sty 2020/03/24 1.8d listings language file
)
(/usr/share/texlive/texmf-dist/tex/latex/listings/lstlang1.sty
File: lstlang1.sty 2020/03/24 1.8d listings language file
) [22] [23

]
[24] [25] [26

] (output/memtfg.aux)
Package rerunfilecheck Info: File `memtfg.out' has not changed.
(rerunfilecheck)             Checksum: 7E519837E179281911206BA2238DC476;8265.
 ) 
Here is how much of TeX's memory you used:
 14988 strings out of 480185
 236520 string characters out of 5894213
 1153060 words of memory out of 5000000
 32528 multiletter control sequences out of 15000+600000
 481617 words of font info for 56 fonts, out of 8000000 for 9000
 40 hyphenation exceptions out of 8191
 60i,10n,63p,499b,1915s stack positions out of 5000i,500n,10000p,200000b,80000s
 </home/francisco/.texlive2021/texmf-var/fonts/pk/ljfour/jknappen/ec/ectt1200
.600pk> </home/francisco/.texlive2021/texmf-var/fonts/pk/ljfour/jknappen/ec/ect
t1095.600pk> </home/francisco/.texlive2021/texmf-var/fonts/pk/ljfour/jknappen/e
c/ecbx1440.600pk> </home/francisco/.texlive2021/texmf-var/fonts/pk/ljfour/jknap
pen/ec/ecrm1095.600pk> </home/francisco/.texlive2021/texmf-var/fonts/pk/ljfour/
jknappen/ec/tcrm1200.600pk> </home/francisco/.texlive2021/texmf-var/fonts/pk/lj
four/jknappen/ec/eccc1200.600pk> </home/francisco/.texlive2021/texmf-var/fonts/
pk/ljfour/jknappen/ec/ecrm1200.600pk> </home/francisco/.texlive2021/texmf-var/f
onts/pk/ljfour/jknappen/ec/ecbx1200.600pk> </home/francisco/.texlive2021/texmf-
var/fonts/pk/ljfour/jknappen/ec/ecbx1728.600pk> </home/francisco/.texlive2021/t
exmf-var/fonts/pk/ljfour/jknappen/ec/ecrm1728.600pk> </home/francisco/.texlive2
021/texmf-var/fonts/pk/ljfour/jknappen/ec/ecrm1440.600pk> </home/francisco/.tex
live2021/texmf-var/fonts/pk/ljfour/jknappen/ec/ecrm2488.600pk>
Output written on output/memtfg.pdf (28 pages, 785017 bytes).
PDF statistics:
 1080 PDF objects out of 1200 (max. 8388607)
 527 compressed objects within 6 object streams
 217 named destinations out of 1000 (max. 500000)
 354 words of extra memory for PDF output out of 10000 (max. 10000000)

